{
  "stats": {
    "suites": 1,
    "tests": 1,
    "passes": 1,
    "pending": 0,
    "failures": 0,
    "start": "2024-10-30T01:34:47.376Z",
    "end": "2024-10-30T01:34:50.676Z",
    "duration": 3300,
    "testsRegistered": 1,
    "passPercent": 100,
    "pendingPercent": 0,
    "other": 0,
    "hasOther": false,
    "skipped": 0,
    "hasSkipped": false
  },
  "results": [
    {
      "uuid": "b41057fe-d0f2-412b-ba97-5c0bcf2656ec",
      "title": "",
      "fullFile": "cypress\\e2e\\test.cy.ts",
      "file": "cypress\\e2e\\test.cy.ts",
      "beforeHooks": [],
      "afterHooks": [],
      "tests": [],
      "suites": [
        {
          "uuid": "22a16ecb-8bbe-4b07-93cd-751663ff13bf",
          "title": "My First Test",
          "fullFile": "",
          "file": "",
          "beforeHooks": [],
          "afterHooks": [],
          "tests": [
            {
              "title": "Visits the app root url and checks for product list",
              "fullTitle": "My First Test Visits the app root url and checks for product list",
              "timedOut": null,
              "duration": 3250,
              "state": "passed",
              "speed": "fast",
              "pass": true,
              "fail": false,
              "pending": false,
              "context": null,
              "code": "cy.visit('/');\ncy.intercept('GET', '/products').as('getProducts');\ncy.wait('@getProducts');\n// Espera a que el contenedor esté visible\ncy.get('#container', { timeout: 20000 }).should('be.visible');\n// Verifica que el contenedor contenga el texto esperado\ncy.get('#container').should('contain', 'Productos más vendidos');",
              "err": {},
              "uuid": "b400a5d7-271e-47bd-979a-f69d4b41ce68",
              "parentUUID": "22a16ecb-8bbe-4b07-93cd-751663ff13bf",
              "isHook": false,
              "skipped": false
            }
          ],
          "suites": [],
          "passes": [
            "b400a5d7-271e-47bd-979a-f69d4b41ce68"
          ],
          "failures": [],
          "pending": [],
          "skipped": [],
          "duration": 3250,
          "root": false,
          "rootEmpty": false,
          "_timeout": 2000
        }
      ],
      "passes": [],
      "failures": [],
      "pending": [],
      "skipped": [],
      "duration": 0,
      "root": true,
      "rootEmpty": true,
      "_timeout": 2000
    }
  ],
  "meta": {
    "mocha": {
      "version": "7.0.1"
    },
    "mochawesome": {
      "options": {
        "quiet": false,
        "reportFilename": "mochawesome",
        "saveHtml": true,
        "saveJson": true,
        "consoleReporter": "spec",
        "useInlineDiffs": false,
        "code": true
      },
      "version": "7.1.3"
    },
    "marge": {
      "options": {
        "reportDir": "cypress/reports",
        "overwrite": false,
        "html": true,
        "json": true,
        "embeddedScreenshots": true
      },
      "version": "6.2.0"
    }
  }
}