{
  "stats": {
    "suites": 1,
    "tests": 1,
    "passes": 1,
    "pending": 0,
    "failures": 0,
    "start": "2024-10-30T01:16:13.431Z",
    "end": "2024-10-30T01:16:16.793Z",
    "duration": 3362,
    "testsRegistered": 1,
    "passPercent": 100,
    "pendingPercent": 0,
    "other": 0,
    "hasOther": false,
    "skipped": 0,
    "hasSkipped": false
  },
  "results": [
    {
      "uuid": "8725c724-42d7-4032-adc5-21059dcdf7e7",
      "title": "",
      "fullFile": "cypress\\e2e\\test.cy.ts",
      "file": "cypress\\e2e\\test.cy.ts",
      "beforeHooks": [],
      "afterHooks": [],
      "tests": [],
      "suites": [
        {
          "uuid": "314a7464-fb1a-4511-98b0-146f12114106",
          "title": "My First Test",
          "fullFile": "",
          "file": "",
          "beforeHooks": [],
          "afterHooks": [],
          "tests": [
            {
              "title": "Visits the app root url and checks for product list",
              "fullTitle": "My First Test Visits the app root url and checks for product list",
              "timedOut": null,
              "duration": 3315,
              "state": "passed",
              "speed": "fast",
              "pass": true,
              "fail": false,
              "pending": false,
              "context": null,
              "code": "cy.visit('/');\ncy.intercept('GET', '/products').as('getProducts');\ncy.wait('@getProducts');\n// Espera a que el contenedor esté visible\ncy.get('#container', { timeout: 20000 }).should('be.visible');\n// Verifica que el contenedor contenga el texto esperado\ncy.get('#container').should('contain', 'Productos más vendidos');",
              "err": {},
              "uuid": "f05afb82-6011-43ce-af93-28eebc262025",
              "parentUUID": "314a7464-fb1a-4511-98b0-146f12114106",
              "isHook": false,
              "skipped": false
            }
          ],
          "suites": [],
          "passes": [
            "f05afb82-6011-43ce-af93-28eebc262025"
          ],
          "failures": [],
          "pending": [],
          "skipped": [],
          "duration": 3315,
          "root": false,
          "rootEmpty": false,
          "_timeout": 2000
        }
      ],
      "passes": [],
      "failures": [],
      "pending": [],
      "skipped": [],
      "duration": 0,
      "root": true,
      "rootEmpty": true,
      "_timeout": 2000
    }
  ],
  "meta": {
    "mocha": {
      "version": "7.0.1"
    },
    "mochawesome": {
      "options": {
        "quiet": false,
        "reportFilename": "mochawesome",
        "saveHtml": true,
        "saveJson": true,
        "consoleReporter": "spec",
        "useInlineDiffs": false,
        "code": true
      },
      "version": "7.1.3"
    },
    "marge": {
      "options": {
        "reportDir": "cypress/reports",
        "overwrite": false,
        "html": true,
        "json": true
      },
      "version": "6.2.0"
    }
  }
}